<?xml version="1.0" encoding="UTF-8"?>
<!-- Generated by org.testng.reporters.JUnitReportReporter -->
<testsuite skipped="0" hostname="DESKTOP-9LAT9CH" name="test.AmazonTest" tests="1" failures="0" timestamp="22 Nov 2018 06:50:57 GMT" time="12.586" errors="0">
  <testcase name="f" time="12.586" classname="test.AmazonTest"/>
</testsuite> <!-- test.AmazonTest -->
