<?xml version="1.0" encoding="UTF-8"?>
<!-- Generated by org.testng.reporters.JUnitReportReporter -->
<testsuite skipped="0" hostname="DESKTOP-9LAT9CH" name="test.BookShoping" tests="1" failures="0" timestamp="23 Nov 2018 07:04:32 GMT" time="108.968" errors="0">
  <testcase name="Init" time="108.968" classname="test.BookShoping"/>
</testsuite> <!-- test.BookShoping -->
